<?xml version="1.0" encoding="UTF-8"?>
<testsuite xmlns:xsi="http://www.w3.org/2001/XMLSchema-instance" xsi:noNamespaceSchemaLocation="https://maven.apache.org/surefire/maven-surefire-plugin/xsd/surefire-test-report.xsd" version="3.0.2" name="testRunner.TestRunner" time="18.08" tests="3" errors="1" skipped="0" failures="0">
  <properties>
[...]
</properties>
  <testcase name="Add a product to the cart" classname="Add and remove products from the cart" time="3.637">
    <system-out><![CDATA[
Scenario: Add a product to the cart                                           # features/addremovecart.feature:8
  Given user is on the Swag Labs login page                                   # stepDefination.LoginStepsDefination.user_is_on_the_swag_labs_login_page()
  When user logs in with username "standard_user" and password "secret_sauce" # stepDefination.LoginStepsDefination.user_logs_in_with_username_and_password(java.lang.String,java.lang.String)
  Then user should be navigated to the products page                          # stepDefination.LoginStepsDefination.user_should_be_navigated_to_the_products_page()
  When the user adds "Sauce Labs Backpack" to the cart                        # stepDefination.EndToEndFlowStepsDefination.the_user_adds_to_the_cart(java.lang.String)
  And the user navigates to the cart page                                     # stepDefination.AddCartRemoveStepDefination.the_user_navigates_to_the_cart_page()
  Then the cart should contain "Sauce Labs Backpack"                          # stepDefination.AddCartRemoveStepDefination.the_cart_should_contain(java.lang.String)
]]></system-out>
    <system-err><![CDATA[Aug 21, 2026 3:55:44 PM org.openqa.selenium.devtools.CdpVersionFinder findNearestMatch
WARNING: Unable to find CDP implementation matching 151
Aug 21, 2026 3:55:44 PM org.openqa.selenium.chromium.ChromiumDriver lambda$new$5
WARNING: Unable to find version of CDP to use for 151.0.7922.170. You may need to include a dependency on a specific version of the CDP using something similar to `org.seleniumhq.selenium:selenium-devtools-v86:4.20.0` where the version ("v86") matches the version of the chromium-based browser you're using and the version number of the artifact is the same as Selenium's.
]]></system-err>
  </testcase>
  <testcase name="Remove a product from the cart" classname="Add and remove products from the cart" time="12.196">
    <system-out><![CDATA[
Scenario: Remove a product from the cart                                      # features/addremovecart.feature:13
  Given user is on the Swag Labs login page                                   # stepDefination.LoginStepsDefination.user_is_on_the_swag_labs_login_page()
  When user logs in with username "standard_user" and password "secret_sauce" # stepDefination.LoginStepsDefination.user_logs_in_with_username_and_password(java.lang.String,java.lang.String)
  Then user should be navigated to the products page                          # stepDefination.LoginStepsDefination.user_should_be_navigated_to_the_products_page()
  Given the user has added "Sauce Labs Backpack" to the cart                  # stepDefination.AddCartRemoveStepDefination.the_user_has_added_to_the_cart(java.lang.String)
  When the user navigates to the cart page                                    # stepDefination.AddCartRemoveStepDefination.the_user_navigates_to_the_cart_page()
  And the user removes "Sauce Labs Backpack" from the cart                    # stepDefination.AddCartRemoveStepDefination.the_user_removes_from_the_cart(java.lang.String)
  Then the cart should not contain "Sauce Labs Backpack"                      # stepDefination.AddCartRemoveStepDefination.the_cart_should_not_contain(java.lang.String)
]]></system-out>
    <system-err><![CDATA[Aug 21, 2026 3:55:46 PM org.openqa.selenium.devtools.CdpVersionFinder findNearestMatch
WARNING: Unable to find CDP implementation matching 151
Aug 21, 2026 3:55:46 PM org.openqa.selenium.chromium.ChromiumDriver lambda$new$5
WARNING: Unable to find version of CDP to use for 151.0.7922.170. You may need to include a dependency on a specific version of the CDP using something similar to `org.seleniumhq.selenium:selenium-devtools-v86:4.20.0` where the version ("v86") matches the version of the chromium-based browser you're using and the version number of the artifact is the same as Selenium's.
]]></system-err>
  </testcase>
  <testcase name="Add multiple products and remove only one" classname="Add and remove products from the cart" time="1.941">
    <error message="The step &apos;the user adds the following products to the cart:&apos; is undefined.&#10;You can implement this step using the snippet(s) below:&#10;&#10;@When(&quot;the user adds the following products to the cart:&quot;)&#10;public void the_user_adds_the_following_products_to_the_cart(io.cucumber.datatable.DataTable dataTable) {&#10;    // Write code here that turns the phrase above into concrete actions&#10;    // For automatic transformation, change DataTable to one of&#10;    // E, List&lt;E&gt;, List&lt;List&lt;E&gt;&gt;, List&lt;Map&lt;K,V&gt;&gt;, Map&lt;K,V&gt; or&#10;    // Map&lt;K, List&lt;V&gt;&gt;. E,K,V must be a String, Integer, Float,&#10;    // Double, Byte, Short, Long, BigInteger or BigDecimal.&#10;    //&#10;    // For other transformations you can register a DataTableType.&#10;    throw new io.cucumber.java.PendingException();&#10;}&#10;" type="io.cucumber.junit.UndefinedStepException"><![CDATA[io.cucumber.junit.UndefinedStepException: 
The step 'the user adds the following products to the cart:' is undefined.
You can implement this step using the snippet(s) below:

@When("the user adds the following products to the cart:")
public void the_user_adds_the_following_products_to_the_cart(io.cucumber.datatable.DataTable dataTable) {
    // Write code here that turns the phrase above into concrete actions
    // For automatic transformation, change DataTable to one of
    // E, List<E>, List<List<E>>, List<Map<K,V>>, Map<K,V> or
    // Map<K, List<V>>. E,K,V must be a String, Integer, Float,
    // Double, Byte, Short, Long, BigInteger or BigDecimal.
    //
    // For other transformations you can register a DataTableType.
    throw new io.cucumber.java.PendingException();
}

]]></error>
    <system-out><![CDATA[
Scenario: Add multiple products and remove only one                           # features/addremovecart.feature:19
  Given user is on the Swag Labs login page                                   # stepDefination.LoginStepsDefination.user_is_on_the_swag_labs_login_page()
  When user logs in with username "standard_user" and password "secret_sauce" # stepDefination.LoginStepsDefination.user_logs_in_with_username_and_password(java.lang.String,java.lang.String)
  Then user should be navigated to the products page                          # stepDefination.LoginStepsDefination.user_should_be_navigated_to_the_products_page()
  When the user adds the following products to the cart:
    | Sauce Labs Backpack   |
    | Sauce Labs Bike Light |
  And the user navigates to the cart page                                     # stepDefination.AddCartRemoveStepDefination.the_user_navigates_to_the_cart_page()
  And the user removes "Sauce Labs Bike Light" from the cart                  # stepDefination.AddCartRemoveStepDefination.the_user_removes_from_the_cart(java.lang.String)
  Then the cart should contain "Sauce Labs Backpack"                          # stepDefination.AddCartRemoveStepDefination.the_cart_should_contain(java.lang.String)
  And the cart should not contain "Sauce Labs Bike Light"                     # stepDefination.AddCartRemoveStepDefination.the_cart_should_not_contain(java.lang.String)
  And the cart item count should be 1                                         # stepDefination.AddCartRemoveStepDefination.the_cart_item_count_should_be(int)
]]></system-out>
    <system-err><![CDATA[Aug 21, 2026 3:55:58 PM org.openqa.selenium.devtools.CdpVersionFinder findNearestMatch
WARNING: Unable to find CDP implementation matching 151
Aug 21, 2026 3:55:58 PM org.openqa.selenium.chromium.ChromiumDriver lambda$new$5
WARNING: Unable to find version of CDP to use for 151.0.7922.170. You may need to include a dependency on a specific version of the CDP using something similar to `org.seleniumhq.selenium:selenium-devtools-v86:4.20.0` where the version ("v86") matches the version of the chromium-based browser you're using and the version number of the artifact is the same as Selenium's.
]]></system-err>
  </testcase>
</testsuite>