-------------------------------------------------------------------------------
Test set: testRunner.TestRunner
-------------------------------------------------------------------------------
Tests run: 1, Failures: 0, Errors: 1, Skipped: 0, Time elapsed: 100.4 s <<< FAILURE! -- in testRunner.TestRunner
Examples.Example #1.1 -- Time elapsed: 100.1 s <<< ERROR!
org.openqa.selenium.TimeoutException: 
Expected condition failed: waiting for url to contain "checkout-step-two.html". Current url: "https://www.saucedemo.com/checkout-step-one.html" (tried for 20 second(s) with 500 milliseconds interval)
Build info: version: '4.20.0', revision: '866c76ca80'
System info: os.name: 'Mac OS X', os.arch: 'aarch64', os.version: '26.5.2', java.version: '17.0.12'
Driver info: org.openqa.selenium.chrome.ChromeDriver
Capabilities {acceptInsecureCerts: false, browserName: chrome, browserVersion: 151.0.7922.174, chrome: {chromedriverVersion: 151.0.7922.138 (41fa8244239..., userDataDir: /var/folders/y8/fblngk7d46l...}, fedcm:accounts: true, goog:chromeOptions: {debuggerAddress: localhost:59424}, goog:processID: 69449, networkConnectionEnabled: false, pageLoadStrategy: normal, platformName: mac, proxy: Proxy(), se:cdp: ws://localhost:59424/devtoo..., se:cdpVersion: 151.0.7922.174, setWindowRect: true, strictFileInteractability: false, timeouts: {implicit: 0, pageLoad: 300000, script: 30000}, unhandledPromptBehavior: dismiss and notify, webauthn:extension:credBlob: true, webauthn:extension:largeBlob: true, webauthn:extension:minPinLength: true, webauthn:extension:prf: true, webauthn:virtualAuthenticators: true}
Session ID: 9862bb69bb39f100ef0bbe2231d490bd
	at org.openqa.selenium.support.ui.WebDriverWait.timeoutException(WebDriverWait.java:84)
	at org.openqa.selenium.support.ui.FluentWait.until(FluentWait.java:228)
	at pageObject.CheckoutInfoPage.clickContinue(CheckoutInfoPage.java:47)
	at stepDefination.EndToEndFlowStepsDefination.the_user_clicks_the_continue_button(EndToEndFlowStepsDefination.java:65)
	at ✽.the user clicks the continue button(classpath:features/endtoendflow.feature:12)

