<?xml version="1.0" encoding="UTF-8"?>
<testsuite xmlns:xsi="http://www.w3.org/2001/XMLSchema-instance" xsi:noNamespaceSchemaLocation="https://maven.apache.org/surefire/maven-surefire-plugin/xsd/surefire-test-report.xsd" version="3.0.2" name="testRunner.TestRunner" time="100.448" tests="1" errors="1" skipped="0" failures="0">
  <properties>
[...]
</properties>
  <testcase name="Example #1.4" classname="Examples" time="11.143"/>
  <testcase name="Example #1.4" classname="Examples" time="2.75"/>
  <testcase name="Example #1.4" classname="Examples" time="6.333"/>
  <testcase name="Example #1.5" classname="Examples" time="6.796"/>
  <testcase name="Example #1.5" classname="Examples" time="7.801"/>
  <testcase name="Example #1.3" classname="Examples" time="9.074"/>
  <testcase name="Example #1.3" classname="Examples" time="3.923"/>
  <testcase name="Example #1.3" classname="Examples" time="15.086"/>
  <testcase name="Example #1.1" classname="Examples" time="4.013">
    <flakyError message="Expected condition failed: waiting for url to contain &quot;checkout-step-two.html&quot;. Current url: &quot;https://www.saucedemo.com/checkout-step-one.html&quot; (tried for 20 second(s) with 500 milliseconds interval)&#10;Build info: version: &apos;4.20.0&apos;, revision: &apos;866c76ca80&apos;&#10;System info: os.name: &apos;Mac OS X&apos;, os.arch: &apos;aarch64&apos;, os.version: &apos;26.5.2&apos;, java.version: &apos;17.0.12&apos;&#10;Driver info: org.openqa.selenium.chrome.ChromeDriver&#10;Capabilities {acceptInsecureCerts: false, browserName: chrome, browserVersion: 151.0.7922.174, chrome: {chromedriverVersion: 151.0.7922.138 (41fa8244239..., userDataDir: /var/folders/y8/fblngk7d46l...}, fedcm:accounts: true, goog:chromeOptions: {debuggerAddress: localhost:57723}, goog:processID: 65355, networkConnectionEnabled: false, pageLoadStrategy: normal, platformName: mac, proxy: Proxy(), se:cdp: ws://localhost:57723/devtoo..., se:cdpVersion: 151.0.7922.174, setWindowRect: true, strictFileInteractability: false, timeouts: {implicit: 0, pageLoad: 300000, script: 30000}, unhandledPromptBehavior: dismiss and notify, webauthn:extension:credBlob: true, webauthn:extension:largeBlob: true, webauthn:extension:minPinLength: true, webauthn:extension:prf: true, webauthn:virtualAuthenticators: true}&#10;Session ID: 22d56c9e1f8a853d8d9c082c988ca3de" type="org.openqa.selenium.TimeoutException">
      <stackTrace><![CDATA[org.openqa.selenium.TimeoutException: 
Expected condition failed: waiting for url to contain "checkout-step-two.html". Current url: "https://www.saucedemo.com/checkout-step-one.html" (tried for 20 second(s) with 500 milliseconds interval)
Build info: version: '4.20.0', revision: '866c76ca80'
System info: os.name: 'Mac OS X', os.arch: 'aarch64', os.version: '26.5.2', java.version: '17.0.12'
Driver info: org.openqa.selenium.chrome.ChromeDriver
Capabilities {acceptInsecureCerts: false, browserName: chrome, browserVersion: 151.0.7922.174, chrome: {chromedriverVersion: 151.0.7922.138 (41fa8244239..., userDataDir: /var/folders/y8/fblngk7d46l...}, fedcm:accounts: true, goog:chromeOptions: {debuggerAddress: localhost:57723}, goog:processID: 65355, networkConnectionEnabled: false, pageLoadStrategy: normal, platformName: mac, proxy: Proxy(), se:cdp: ws://localhost:57723/devtoo..., se:cdpVersion: 151.0.7922.174, setWindowRect: true, strictFileInteractability: false, timeouts: {implicit: 0, pageLoad: 300000, script: 30000}, unhandledPromptBehavior: dismiss and notify, webauthn:extension:credBlob: true, webauthn:extension:largeBlob: true, webauthn:extension:minPinLength: true, webauthn:extension:prf: true, webauthn:virtualAuthenticators: true}
Session ID: 22d56c9e1f8a853d8d9c082c988ca3de
	at org.openqa.selenium.support.ui.WebDriverWait.timeoutException(WebDriverWait.java:84)
	at org.openqa.selenium.support.ui.FluentWait.until(FluentWait.java:228)
	at pageObject.CheckoutInfoPage.clickContinue(CheckoutInfoPage.java:47)
	at stepDefination.EndToEndFlowStepsDefination.the_user_clicks_the_continue_button(EndToEndFlowStepsDefination.java:65)
	at ✽.the user clicks the continue button(classpath:features/endtoendflow.feature:12)
]]></stackTrace>
      <system-out><![CDATA[  And the user clicks the continue button                                     # stepDefination.EndToEndFlowStepsDefination.the_user_clicks_the_continue_button()
      org.openqa.selenium.TimeoutException: Expected condition failed: waiting for url to contain "checkout-step-two.html". Current url: "https://www.saucedemo.com/checkout-step-one.html" (tried for 20 second(s) with 500 milliseconds interval)
Build info: version: '4.20.0', revision: '866c76ca80'
System info: os.name: 'Mac OS X', os.arch: 'aarch64', os.version: '26.5.2', java.version: '17.0.12'
Driver info: org.openqa.selenium.chrome.ChromeDriver
Capabilities {acceptInsecureCerts: false, browserName: chrome, browserVersion: 151.0.7922.174, chrome: {chromedriverVersion: 151.0.7922.138 (41fa8244239..., userDataDir: /var/folders/y8/fblngk7d46l...}, fedcm:accounts: true, goog:chromeOptions: {debuggerAddress: localhost:57723}, goog:processID: 65355, networkConnectionEnabled: false, pageLoadStrategy: normal, platformName: mac, proxy: Proxy(), se:cdp: ws://localhost:57723/devtoo..., se:cdpVersion: 151.0.7922.174, setWindowRect: true, strictFileInteractability: false, timeouts: {implicit: 0, pageLoad: 300000, script: 30000}, unhandledPromptBehavior: dismiss and notify, webauthn:extension:credBlob: true, webauthn:extension:largeBlob: true, webauthn:extension:minPinLength: true, webauthn:extension:prf: true, webauthn:virtualAuthenticators: true}
Session ID: 22d56c9e1f8a853d8d9c082c988ca3de
	at org.openqa.selenium.support.ui.WebDriverWait.timeoutException(WebDriverWait.java:84)
	at org.openqa.selenium.support.ui.FluentWait.until(FluentWait.java:228)
	at pageObject.CheckoutInfoPage.clickContinue(CheckoutInfoPage.java:47)
	at stepDefination.EndToEndFlowStepsDefination.the_user_clicks_the_continue_button(EndToEndFlowStepsDefination.java:65)
	at ✽.the user clicks the continue button(classpath:features/endtoendflow.feature:12)

  Then the user should be navigated to the checkout overview page             # stepDefination.EndToEndFlowStepsDefination.the_user_should_be_navigated_to_the_checkout_overview_page()
  When the user clicks the finish button                                      # stepDefination.EndToEndFlowStepsDefination.the_user_clicks_the_finish_button()
  Then the order confirmation should be displayed                             # stepDefination.EndToEndFlowStepsDefination.the_order_confirmation_should_be_displayed()
  When the user clicks on back to home button                                 # stepDefination.EndToEndFlowStepsDefination.the_user_clicks_on_back_to_home_button()
  Then the user should be back on the products page                           # stepDefination.EndToEndFlowStepsDefination.the_user_should_be_back_on_the_products_page()

    Embedding Add a product to the cart and complete checkout [image/png 38951 bytes]

]]></system-out>
    </flakyError>
    <flakyError message="Expected condition failed: waiting for url to contain &quot;checkout-step-two.html&quot;. Current url: &quot;https://www.saucedemo.com/checkout-step-one.html&quot; (tried for 20 second(s) with 500 milliseconds interval)&#10;Build info: version: &apos;4.20.0&apos;, revision: &apos;866c76ca80&apos;&#10;System info: os.name: &apos;Mac OS X&apos;, os.arch: &apos;aarch64&apos;, os.version: &apos;26.5.2&apos;, java.version: &apos;17.0.12&apos;&#10;Driver info: org.openqa.selenium.chrome.ChromeDriver&#10;Capabilities {acceptInsecureCerts: false, browserName: chrome, browserVersion: 151.0.7922.174, chrome: {chromedriverVersion: 151.0.7922.138 (41fa8244239..., userDataDir: /var/folders/y8/fblngk7d46l...}, fedcm:accounts: true, goog:chromeOptions: {debuggerAddress: localhost:58726}, goog:processID: 68736, networkConnectionEnabled: false, pageLoadStrategy: normal, platformName: mac, proxy: Proxy(), se:cdp: ws://localhost:58726/devtoo..., se:cdpVersion: 151.0.7922.174, setWindowRect: true, strictFileInteractability: false, timeouts: {implicit: 0, pageLoad: 300000, script: 30000}, unhandledPromptBehavior: dismiss and notify, webauthn:extension:credBlob: true, webauthn:extension:largeBlob: true, webauthn:extension:minPinLength: true, webauthn:extension:prf: true, webauthn:virtualAuthenticators: true}&#10;Session ID: 7f78c59e26ec656d80e511f8a29ba848" type="org.openqa.selenium.TimeoutException">
      <stackTrace><![CDATA[org.openqa.selenium.TimeoutException: 
Expected condition failed: waiting for url to contain "checkout-step-two.html". Current url: "https://www.saucedemo.com/checkout-step-one.html" (tried for 20 second(s) with 500 milliseconds interval)
Build info: version: '4.20.0', revision: '866c76ca80'
System info: os.name: 'Mac OS X', os.arch: 'aarch64', os.version: '26.5.2', java.version: '17.0.12'
Driver info: org.openqa.selenium.chrome.ChromeDriver
Capabilities {acceptInsecureCerts: false, browserName: chrome, browserVersion: 151.0.7922.174, chrome: {chromedriverVersion: 151.0.7922.138 (41fa8244239..., userDataDir: /var/folders/y8/fblngk7d46l...}, fedcm:accounts: true, goog:chromeOptions: {debuggerAddress: localhost:58726}, goog:processID: 68736, networkConnectionEnabled: false, pageLoadStrategy: normal, platformName: mac, proxy: Proxy(), se:cdp: ws://localhost:58726/devtoo..., se:cdpVersion: 151.0.7922.174, setWindowRect: true, strictFileInteractability: false, timeouts: {implicit: 0, pageLoad: 300000, script: 30000}, unhandledPromptBehavior: dismiss and notify, webauthn:extension:credBlob: true, webauthn:extension:largeBlob: true, webauthn:extension:minPinLength: true, webauthn:extension:prf: true, webauthn:virtualAuthenticators: true}
Session ID: 7f78c59e26ec656d80e511f8a29ba848
	at org.openqa.selenium.support.ui.WebDriverWait.timeoutException(WebDriverWait.java:84)
	at org.openqa.selenium.support.ui.FluentWait.until(FluentWait.java:228)
	at pageObject.CheckoutInfoPage.clickContinue(CheckoutInfoPage.java:47)
	at stepDefination.EndToEndFlowStepsDefination.the_user_clicks_the_continue_button(EndToEndFlowStepsDefination.java:65)
	at ✽.the user clicks the continue button(classpath:features/endtoendflow.feature:12)
]]></stackTrace>
      <system-out><![CDATA[
Scenario Outline: Add a product to the cart and complete checkout             # features/endtoendflow.feature:21
  Given user is on the Swag Labs login page                                   # stepDefination.LoginStepsDefination.user_is_on_the_swag_labs_login_page()
  When user logs in with username "standard_user" and password "secret_sauce" # stepDefination.LoginStepsDefination.user_logs_in_with_username_and_password(java.lang.String,java.lang.String)
  Then user should be navigated to the products page                          # stepDefination.LoginStepsDefination.user_should_be_navigated_to_the_products_page()
  When the user adds "Sauce Labs Backpack" to the cart                        # stepDefination.EndToEndFlowStepsDefination.the_user_adds_to_the_cart(java.lang.String)
  When the user goes to the cart                                              # stepDefination.EndToEndFlowStepsDefination.the_user_goes_to_the_cart()
  Then the product "Sauce Labs Backpack" should be present in the cart        # stepDefination.EndToEndFlowStepsDefination.the_product_should_be_present_in_the_cart(java.lang.String)
  When the user clicks on the checkout button                                 # stepDefination.EndToEndFlowStepsDefination.the_user_clicks_on_the_checkout_button()
  When the user enters "Deepak" "Kumar" "123" as checkout details             # stepDefination.EndToEndFlowStepsDefination.the_user_enters_checkout_details(java.lang.String,java.lang.String,java.lang.String)
  And the user clicks the continue button                                     # stepDefination.EndToEndFlowStepsDefination.the_user_clicks_the_continue_button()
      org.openqa.selenium.TimeoutException: Expected condition failed: waiting for url to contain "checkout-step-two.html". Current url: "https://www.saucedemo.com/checkout-step-one.html" (tried for 20 second(s) with 500 milliseconds interval)
Build info: version: '4.20.0', revision: '866c76ca80'
System info: os.name: 'Mac OS X', os.arch: 'aarch64', os.version: '26.5.2', java.version: '17.0.12'
Driver info: org.openqa.selenium.chrome.ChromeDriver
Capabilities {acceptInsecureCerts: false, browserName: chrome, browserVersion: 151.0.7922.174, chrome: {chromedriverVersion: 151.0.7922.138 (41fa8244239..., userDataDir: /var/folders/y8/fblngk7d46l...}, fedcm:accounts: true, goog:chromeOptions: {debuggerAddress: localhost:58726}, goog:processID: 68736, networkConnectionEnabled: false, pageLoadStrategy: normal, platformName: mac, proxy: Proxy(), se:cdp: ws://localhost:58726/devtoo..., se:cdpVersion: 151.0.7922.174, setWindowRect: true, strictFileInteractability: false, timeouts: {implicit: 0, pageLoad: 300000, script: 30000}, unhandledPromptBehavior: dismiss and notify, webauthn:extension:credBlob: true, webauthn:extension:largeBlob: true, webauthn:extension:minPinLength: true, webauthn:extension:prf: true, webauthn:virtualAuthenticators: true}
Session ID: 7f78c59e26ec656d80e511f8a29ba848
	at org.openqa.selenium.support.ui.WebDriverWait.timeoutException(WebDriverWait.java:84)
	at org.openqa.selenium.support.ui.FluentWait.until(FluentWait.java:228)
	at pageObject.CheckoutInfoPage.clickContinue(CheckoutInfoPage.java:47)
	at stepDefination.EndToEndFlowStepsDefination.the_user_clicks_the_continue_button(EndToEndFlowStepsDefination.java:65)
	at ✽.the user clicks the continue button(classpath:features/endtoendflow.feature:12)

  Then the user should be navigated to the checkout overview page             # stepDefination.EndToEndFlowStepsDefination.the_user_should_be_navigated_to_the_checkout_overview_page()
  When the user clicks the finish button                                      # stepDefination.EndToEndFlowStepsDefination.the_user_clicks_the_finish_button()
  Then the order confirmation should be displayed                             # stepDefination.EndToEndFlowStepsDefination.the_order_confirmation_should_be_displayed()
  When the user clicks on back to home button                                 # stepDefination.EndToEndFlowStepsDefination.the_user_clicks_on_back_to_home_button()
  Then the user should be back on the products page                           # stepDefination.EndToEndFlowStepsDefination.the_user_should_be_back_on_the_products_page()

    Embedding Add a product to the cart and complete checkout [image/png 38951 bytes]

]]></system-out>
      <system-err><![CDATA[Aug 26, 2026 12:35:52 PM org.openqa.selenium.devtools.CdpVersionFinder findNearestMatch
WARNING: Unable to find CDP implementation matching 151
Aug 26, 2026 12:35:52 PM org.openqa.selenium.chromium.ChromiumDriver lambda$new$5
WARNING: Unable to find version of CDP to use for 151.0.7922.174. You may need to include a dependency on a specific version of the CDP using something similar to `org.seleniumhq.selenium:selenium-devtools-v86:4.20.0` where the version ("v86") matches the version of the chromium-based browser you're using and the version number of the artifact is the same as Selenium's.
]]></system-err>
    </flakyError>
    <flakyError message="Expected condition failed: waiting for url to contain &quot;checkout-step-two.html&quot;. Current url: &quot;https://www.saucedemo.com/checkout-step-one.html&quot; (tried for 20 second(s) with 500 milliseconds interval)&#10;Build info: version: &apos;4.20.0&apos;, revision: &apos;866c76ca80&apos;&#10;System info: os.name: &apos;Mac OS X&apos;, os.arch: &apos;aarch64&apos;, os.version: &apos;26.5.2&apos;, java.version: &apos;17.0.12&apos;&#10;Driver info: org.openqa.selenium.chrome.ChromeDriver&#10;Capabilities {acceptInsecureCerts: false, browserName: chrome, browserVersion: 151.0.7922.174, chrome: {chromedriverVersion: 151.0.7922.138 (41fa8244239..., userDataDir: /var/folders/y8/fblngk7d46l...}, fedcm:accounts: true, goog:chromeOptions: {debuggerAddress: localhost:59424}, goog:processID: 69449, networkConnectionEnabled: false, pageLoadStrategy: normal, platformName: mac, proxy: Proxy(), se:cdp: ws://localhost:59424/devtoo..., se:cdpVersion: 151.0.7922.174, setWindowRect: true, strictFileInteractability: false, timeouts: {implicit: 0, pageLoad: 300000, script: 30000}, unhandledPromptBehavior: dismiss and notify, webauthn:extension:credBlob: true, webauthn:extension:largeBlob: true, webauthn:extension:minPinLength: true, webauthn:extension:prf: true, webauthn:virtualAuthenticators: true}&#10;Session ID: 9862bb69bb39f100ef0bbe2231d490bd" type="org.openqa.selenium.TimeoutException">
      <stackTrace><![CDATA[org.openqa.selenium.TimeoutException: 
Expected condition failed: waiting for url to contain "checkout-step-two.html". Current url: "https://www.saucedemo.com/checkout-step-one.html" (tried for 20 second(s) with 500 milliseconds interval)
Build info: version: '4.20.0', revision: '866c76ca80'
System info: os.name: 'Mac OS X', os.arch: 'aarch64', os.version: '26.5.2', java.version: '17.0.12'
Driver info: org.openqa.selenium.chrome.ChromeDriver
Capabilities {acceptInsecureCerts: false, browserName: chrome, browserVersion: 151.0.7922.174, chrome: {chromedriverVersion: 151.0.7922.138 (41fa8244239..., userDataDir: /var/folders/y8/fblngk7d46l...}, fedcm:accounts: true, goog:chromeOptions: {debuggerAddress: localhost:59424}, goog:processID: 69449, networkConnectionEnabled: false, pageLoadStrategy: normal, platformName: mac, proxy: Proxy(), se:cdp: ws://localhost:59424/devtoo..., se:cdpVersion: 151.0.7922.174, setWindowRect: true, strictFileInteractability: false, timeouts: {implicit: 0, pageLoad: 300000, script: 30000}, unhandledPromptBehavior: dismiss and notify, webauthn:extension:credBlob: true, webauthn:extension:largeBlob: true, webauthn:extension:minPinLength: true, webauthn:extension:prf: true, webauthn:virtualAuthenticators: true}
Session ID: 9862bb69bb39f100ef0bbe2231d490bd
	at org.openqa.selenium.support.ui.WebDriverWait.timeoutException(WebDriverWait.java:84)
	at org.openqa.selenium.support.ui.FluentWait.until(FluentWait.java:228)
	at pageObject.CheckoutInfoPage.clickContinue(CheckoutInfoPage.java:47)
	at stepDefination.EndToEndFlowStepsDefination.the_user_clicks_the_continue_button(EndToEndFlowStepsDefination.java:65)
	at ✽.the user clicks the continue button(classpath:features/endtoendflow.feature:12)
]]></stackTrace>
      <system-out><![CDATA[
Scenario Outline: Add a product to the cart and complete checkout             # features/endtoendflow.feature:21
  Given user is on the Swag Labs login page                                   # stepDefination.LoginStepsDefination.user_is_on_the_swag_labs_login_page()
  When user logs in with username "standard_user" and password "secret_sauce" # stepDefination.LoginStepsDefination.user_logs_in_with_username_and_password(java.lang.String,java.lang.String)
  Then user should be navigated to the products page                          # stepDefination.LoginStepsDefination.user_should_be_navigated_to_the_products_page()
  When the user adds "Sauce Labs Backpack" to the cart                        # stepDefination.EndToEndFlowStepsDefination.the_user_adds_to_the_cart(java.lang.String)
  When the user goes to the cart                                              # stepDefination.EndToEndFlowStepsDefination.the_user_goes_to_the_cart()
  Then the product "Sauce Labs Backpack" should be present in the cart        # stepDefination.EndToEndFlowStepsDefination.the_product_should_be_present_in_the_cart(java.lang.String)
  When the user clicks on the checkout button                                 # stepDefination.EndToEndFlowStepsDefination.the_user_clicks_on_the_checkout_button()
  When the user enters "Deepak" "Kumar" "123" as checkout details             # stepDefination.EndToEndFlowStepsDefination.the_user_enters_checkout_details(java.lang.String,java.lang.String,java.lang.String)
  And the user clicks the continue button                                     # stepDefination.EndToEndFlowStepsDefination.the_user_clicks_the_continue_button()
      org.openqa.selenium.TimeoutException: Expected condition failed: waiting for url to contain "checkout-step-two.html". Current url: "https://www.saucedemo.com/checkout-step-one.html" (tried for 20 second(s) with 500 milliseconds interval)
Build info: version: '4.20.0', revision: '866c76ca80'
System info: os.name: 'Mac OS X', os.arch: 'aarch64', os.version: '26.5.2', java.version: '17.0.12'
Driver info: org.openqa.selenium.chrome.ChromeDriver
Capabilities {acceptInsecureCerts: false, browserName: chrome, browserVersion: 151.0.7922.174, chrome: {chromedriverVersion: 151.0.7922.138 (41fa8244239..., userDataDir: /var/folders/y8/fblngk7d46l...}, fedcm:accounts: true, goog:chromeOptions: {debuggerAddress: localhost:59424}, goog:processID: 69449, networkConnectionEnabled: false, pageLoadStrategy: normal, platformName: mac, proxy: Proxy(), se:cdp: ws://localhost:59424/devtoo..., se:cdpVersion: 151.0.7922.174, setWindowRect: true, strictFileInteractability: false, timeouts: {implicit: 0, pageLoad: 300000, script: 30000}, unhandledPromptBehavior: dismiss and notify, webauthn:extension:credBlob: true, webauthn:extension:largeBlob: true, webauthn:extension:minPinLength: true, webauthn:extension:prf: true, webauthn:virtualAuthenticators: true}
Session ID: 9862bb69bb39f100ef0bbe2231d490bd
	at org.openqa.selenium.support.ui.WebDriverWait.timeoutException(WebDriverWait.java:84)
	at org.openqa.selenium.support.ui.FluentWait.until(FluentWait.java:228)
	at pageObject.CheckoutInfoPage.clickContinue(CheckoutInfoPage.java:47)
	at stepDefination.EndToEndFlowStepsDefination.the_user_clicks_the_continue_button(EndToEndFlowStepsDefination.java:65)
	at ✽.the user clicks the continue button(classpath:features/endtoendflow.feature:12)

  Then the user should be navigated to the checkout overview page             # stepDefination.EndToEndFlowStepsDefination.the_user_should_be_navigated_to_the_checkout_overview_page()
  When the user clicks the finish button                                      # stepDefination.EndToEndFlowStepsDefination.the_user_clicks_the_finish_button()
  Then the order confirmation should be displayed                             # stepDefination.EndToEndFlowStepsDefination.the_order_confirmation_should_be_displayed()
  When the user clicks on back to home button                                 # stepDefination.EndToEndFlowStepsDefination.the_user_clicks_on_back_to_home_button()
  Then the user should be back on the products page                           # stepDefination.EndToEndFlowStepsDefination.the_user_should_be_back_on_the_products_page()

    Embedding Add a product to the cart and complete checkout [image/png 38951 bytes]

]]></system-out>
      <system-err><![CDATA[Aug 26, 2026 12:37:36 PM org.openqa.selenium.devtools.CdpVersionFinder findNearestMatch
WARNING: Unable to find CDP implementation matching 151
Aug 26, 2026 12:37:36 PM org.openqa.selenium.chromium.ChromiumDriver lambda$new$5
WARNING: Unable to find version of CDP to use for 151.0.7922.174. You may need to include a dependency on a specific version of the CDP using something similar to `org.seleniumhq.selenium:selenium-devtools-v86:4.20.0` where the version ("v86") matches the version of the chromium-based browser you're using and the version number of the artifact is the same as Selenium's.
]]></system-err>
    </flakyError>
  </testcase>
  <testcase name="Example #1.2" classname="Examples" time="9.4"/>
  <testcase name="Example #1.2" classname="Examples" time="16.833"/>
  <testcase name="Example #1.2" classname="Examples" time="5.294"/>
  <testcase name="Verify footer content on the products page" classname="Footer verification" time="9.388"/>
  <testcase name="Verify hamburger menu options and navigate through About and Logout" classname="Hamburger menu navigation" time="10.274"/>
  <testcase name="Successful login with valid standard user credentials" classname="Swag Labs Login" time="8.669"/>
  <testcase name="Login attempt with locked out user" classname="Swag Labs Login" time="12.198"/>
  <testcase name="Remove a product from the cart" classname="Add and remove products from the cart" time="34.198"/>
  <testcase name="Add a product to the cart" classname="Add and remove products from the cart" time="44.768"/>
  <testcase name="Add multiple products and remove only one" classname="Add and remove products from the cart" time="55.447"/>
</testsuite>